\\stuhome\homedrive2$\1402402\third year\shaders\shaders\e01_colourshader\debug\vc140.pdb
\\stuhome\homedrive2$\1402402\third year\shaders\shaders\e01_colourshader\debug\vc140.idb
\\stuhome\homedrive2$\1402402\third year\shaders\shaders\e01_colourshader\debug\app1.obj
\\stuhome\homedrive2$\1402402\third year\shaders\shaders\e01_colourshader\debug\colourshader.obj
\\stuhome\homedrive2$\1402402\third year\shaders\shaders\e01_colourshader\debug\main.obj
\\stuhome\homedrive2$\1402402\third year\shaders\shaders\debug\colour_ps.cso
\\stuhome\homedrive2$\1402402\third year\shaders\shaders\debug\colour_vs.cso
\\stuhome\homedrive2$\1402402\third year\shaders\shaders\debug\e01_colourshader.ilk
\\stuhome\homedrive2$\1402402\third year\shaders\shaders\debug\e01_colourshader.exe
\\stuhome\homedrive2$\1402402\third year\shaders\shaders\debug\e01_colourshader.pdb
\\stuhome\homedrive2$\1402402\third year\shaders\shaders\e01_colourshader\debug\e01_colourshader.vcxprojresolveassemblyreference.cache
\\stuhome\homedrive2$\1402402\third year\shaders\shaders\e01_colourshader\debug\e01_colourshader.tlog\cl.command.1.tlog
\\stuhome\homedrive2$\1402402\third year\shaders\shaders\e01_colourshader\debug\e01_colourshader.tlog\cl.read.1.tlog
\\stuhome\homedrive2$\1402402\third year\shaders\shaders\e01_colourshader\debug\e01_colourshader.tlog\cl.write.1.tlog
\\stuhome\homedrive2$\1402402\third year\shaders\shaders\e01_colourshader\debug\e01_colourshader.tlog\e01_colourshader.write.1u.tlog
\\stuhome\homedrive2$\1402402\third year\shaders\shaders\e01_colourshader\debug\e01_colourshader.tlog\fxc.command.1.tlog
\\stuhome\homedrive2$\1402402\third year\shaders\shaders\e01_colourshader\debug\e01_colourshader.tlog\fxc.read.1.tlog
\\stuhome\homedrive2$\1402402\third year\shaders\shaders\e01_colourshader\debug\e01_colourshader.tlog\fxc.write.1.tlog
\\stuhome\homedrive2$\1402402\third year\shaders\shaders\e01_colourshader\debug\e01_colourshader.tlog\link.command.1.tlog
\\stuhome\homedrive2$\1402402\third year\shaders\shaders\e01_colourshader\debug\e01_colourshader.tlog\link.read.1.tlog
\\stuhome\homedrive2$\1402402\third year\shaders\shaders\e01_colourshader\debug\e01_colourshader.tlog\link.write.1.tlog
